<?xml version="1.0" encoding="UTF-8"?>
<!-- Generated by org.testng.reporters.JUnitReportReporter -->
<testsuite hostname="DESKTOP-J43IDGI" failures="0" tests="1" name="AmazonTestCases.AmazonTestCases" time="26.477" errors="0" timestamp="2022-05-04T23:46:18 IST" skipped="0">
  <testcase classname="AmazonTestCases.AmazonTestCases" name="Tc001" time="26.477"/>
  <system-out/>
</testsuite> <!-- AmazonTestCases.AmazonTestCases -->
